#
# There is insufficient memory for the Java Runtime Environment to continue.
# Native memory allocation (malloc) failed to allocate 75088 bytes. Error detail: Chunk::new
# Possible reasons:
#   The system is out of physical RAM or swap space
#   This process is running with CompressedOops enabled, and the Java Heap may be blocking the growth of the native heap
# Possible solutions:
#   Reduce memory load on the system
#   Increase physical memory or swap space
#   Check if swap backing store is full
#   Decrease Java heap size (-Xmx/-Xms)
#   Decrease number of Java threads
#   Decrease Java thread stack sizes (-Xss)
#   Set larger code cache with -XX:ReservedCodeCacheSize=
#   JVM is running with Unscaled Compressed Oops mode in which the Java heap is
#     placed in the first 4GB address space. The Java Heap base address is the
#     maximum limit for the native heap growth. Please use -XX:HeapBaseMinAddress
#     to set the Java Heap base and to place the Java Heap above 4GB virtual address.
# This output file may be truncated or incomplete.
#
#  Out of Memory Error (arena.cpp:168), pid=31780, tid=27620
#
# JRE version: OpenJDK Runtime Environment Temurin-21.0.9+10 (21.0.9+10) (build 21.0.9+10-LTS)
# Java VM: OpenJDK 64-Bit Server VM Temurin-21.0.9+10 (21.0.9+10-LTS, mixed mode, sharing, tiered, compressed oops, compressed class ptrs, g1 gc, windows-amd64)
# No core dump will be written. Minidumps are not enabled by default on client versions of Windows
#

---------------  S U M M A R Y ------------

Command Line: --enable-native-access=ALL-UNNAMED -Dclassworlds.conf=C:\Users\kunal\Downloads\apache-maven-3.9.11-bin\apache-maven-3.9.11\bin\m2.conf -Dmaven.home=C:\Users\kunal\Downloads\apache-maven-3.9.11-bin\apache-maven-3.9.11 -Dlibrary.jansi.path=C:\Users\kunal\Downloads\apache-maven-3.9.11-bin\apache-maven-3.9.11\lib\jansi-native -Dmaven.multiModuleProjectDirectory=C:\Users\kunal\Documents\workspace-spring-tools-for-eclipse-4.32.2.RELEASE\capstone-policy-service org.codehaus.plexus.classworlds.launcher.Launcher clean test

Host: 12th Gen Intel(R) Core(TM) i5-1235U, 12 cores, 7G,  Windows 11 , 64 bit Build 26100 (10.0.26100.7309)
Time: Tue Jan  6 22:38:27 2026 India Standard Time elapsed time: 13.824569 seconds (0d 0h 0m 13s)

---------------  T H R E A D  ---------------

Current thread (0x000001936095d790):  JavaThread "C2 CompilerThread0" daemon [_thread_in_native, id=27620, stack(0x0000009221900000,0x0000009221a00000) (1024K)]


Current CompileTask:
C2:13824 1133   !   4       sun.nio.cs.StreamDecoder::read (78 bytes)

Stack: [0x0000009221900000,0x0000009221a00000]
Native frames: (J=compiled Java code, j=interpreted, Vv=VM code, C=native code)
V  [jvm.dll+0x6d6e29]
V  [jvm.dll+0x8b4b76]
V  [jvm.dll+0x8b712e]
V  [jvm.dll+0x8b7813]
V  [jvm.dll+0x283d86]
V  [jvm.dll+0xc66ed]
V  [jvm.dll+0xc6c31]
V  [jvm.dll+0x14210f]
V  [jvm.dll+0x65f832]
V  [jvm.dll+0x663d13]
V  [jvm.dll+0x24be1b]
V  [jvm.dll+0x24b580]
V  [jvm.dll+0x1cb13e]
V  [jvm.dll+0x25b29d]
V  [jvm.dll+0x25982a]
V  [jvm.dll+0x3f7ea6]
V  [jvm.dll+0x85e9ad]
V  [jvm.dll+0x6d565d]
C  [ucrtbase.dll+0x37b0]
C  [KERNEL32.DLL+0x2e8d7]
C  [ntdll.dll+0x8c53c]


---------------  P R O C E S S  ---------------

Threads class SMR info:
_java_thread_list=0x0000019360a8f490, length=13, elements={
0x0000019341577310, 0x000001936094fd80, 0x00000193609513f0, 0x0000019360953130,
0x00000193609538c0, 0x0000019360958bd0, 0x000001936095e190, 0x000001936095d790,
0x0000019360962ac0, 0x0000019360b375d0, 0x0000019360b368b0, 0x000001936530d230,
0x00000193655eb8e0
}

Java Threads: ( => current thread )
  0x0000019341577310 JavaThread "main"                              [_thread_in_Java, id=21184, stack(0x0000009220b00000,0x0000009220c00000) (1024K)]
  0x000001936094fd80 JavaThread "Reference Handler"          daemon [_thread_blocked, id=10192, stack(0x0000009221300000,0x0000009221400000) (1024K)]
  0x00000193609513f0 JavaThread "Finalizer"                  daemon [_thread_blocked, id=9628, stack(0x0000009221400000,0x0000009221500000) (1024K)]
  0x0000019360953130 JavaThread "Signal Dispatcher"          daemon [_thread_blocked, id=15224, stack(0x0000009221500000,0x0000009221600000) (1024K)]
  0x00000193609538c0 JavaThread "Attach Listener"            daemon [_thread_blocked, id=17136, stack(0x0000009221600000,0x0000009221700000) (1024K)]
  0x0000019360958bd0 JavaThread "Service Thread"             daemon [_thread_blocked, id=22556, stack(0x0000009221700000,0x0000009221800000) (1024K)]
  0x000001936095e190 JavaThread "Monitor Deflation Thread"   daemon [_thread_blocked, id=2216, stack(0x0000009221800000,0x0000009221900000) (1024K)]
=>0x000001936095d790 JavaThread "C2 CompilerThread0"         daemon [_thread_in_native, id=27620, stack(0x0000009221900000,0x0000009221a00000) (1024K)]
  0x0000019360962ac0 JavaThread "C1 CompilerThread0"         daemon [_thread_blocked, id=24784, stack(0x0000009221a00000,0x0000009221b00000) (1024K)]
  0x0000019360b375d0 JavaThread "Notification Thread"        daemon [_thread_blocked, id=5964, stack(0x0000009221b00000,0x0000009221c00000) (1024K)]
  0x0000019360b368b0 JavaThread "Common-Cleaner"             daemon [_thread_blocked, id=35300, stack(0x0000009221c00000,0x0000009221d00000) (1024K)]
  0x000001936530d230 JavaThread "C2 CompilerThread1"         daemon [_thread_in_native, id=11132, stack(0x0000009221d00000,0x0000009221e00000) (1024K)]
  0x00000193655eb8e0 JavaThread "C2 CompilerThread2"         daemon [_thread_in_native, id=23404, stack(0x0000009221e00000,0x0000009221f00000) (1024K)]
Total: 13

Other Threads:
  0x000001936092e4b0 VMThread "VM Thread"                           [id=13292, stack(0x0000009221200000,0x0000009221300000) (1024K)]
  0x000001936091efb0 WatcherThread "VM Periodic Task Thread"        [id=21136, stack(0x0000009221100000,0x0000009221200000) (1024K)]
  0x0000019343a1f0d0 WorkerThread "GC Thread#0"                     [id=21916, stack(0x0000009220c00000,0x0000009220d00000) (1024K)]
  0x0000019343a2f7d0 ConcurrentGCThread "G1 Main Marker"            [id=24800, stack(0x0000009220d00000,0x0000009220e00000) (1024K)]
  0x0000019343a33db0 WorkerThread "G1 Conc#0"                       [id=22196, stack(0x0000009220e00000,0x0000009220f00000) (1024K)]
  0x00000193607eaea0 ConcurrentGCThread "G1 Refine#0"               [id=31556, stack(0x0000009220f00000,0x0000009221000000) (1024K)]
  0x00000193607eb2d0 ConcurrentGCThread "G1 Service"                [id=35992, stack(0x0000009221000000,0x0000009221100000) (1024K)]
Total: 7

Threads with active compile tasks:
C2 CompilerThread0  13864 1133   !   4       sun.nio.cs.StreamDecoder::read (78 bytes)
C2 CompilerThread1  13865 1134       4       sun.nio.cs.StreamDecoder::lockedRead (189 bytes)
C2 CompilerThread2  13865 1148       4       java.io.InputStreamReader::read (11 bytes)
Total: 3

VM state: not at safepoint (normal execution)

VM Mutex/Monitor currently owned by a thread: None

Heap address: 0x0000000085200000, size: 1966 MB, Compressed Oops mode: 32-bit

CDS archive(s) mapped at: [0x0000019300000000-0x0000019300c80000-0x0000019300c80000), size 13107200, SharedBaseAddress: 0x0000019300000000, ArchiveRelocationMode: 1.
Compressed class space mapped at: 0x0000019301000000-0x0000019341000000, reserved size: 1073741824
Narrow klass base: 0x0000019300000000, Narrow klass shift: 0, Narrow klass range: 0x100000000

GC Precious Log:
 CardTable entry size: 512
 Card Set container configuration: InlinePtr #cards 5 size 8 Array Of Cards #cards 12 size 40 Howl #buckets 4 coarsen threshold 1843 Howl Bitmap #cards 512 size 80 coarsen threshold 460 Card regions per heap region 1 cards per card region 2048
 CPUs: 12 total, 12 available
 Memory: 7860M
 Large Page Support: Disabled
 NUMA Support: Disabled
 Compressed Oops: Enabled (32-bit)
 Heap Region Size: 1M
 Heap Min Capacity: 8M
 Heap Initial Capacity: 124M
 Heap Max Capacity: 1966M
 Pre-touch: Disabled
 Parallel Workers: 10
 Concurrent Workers: 3
 Concurrent Refinement Workers: 10
 Periodic GC: Disabled

Heap:
 garbage-first heap   total 126976K, used 21504K [0x0000000085200000, 0x0000000100000000)
  region size 1024K, 22 young (22528K), 0 survivors (0K)
 Metaspace       used 5636K, committed 5824K, reserved 1114112K
  class space    used 666K, committed 768K, reserved 1048576K

Heap Regions: E=young(eden), S=young(survivor), O=old, HS=humongous(starts), HC=humongous(continues), CS=collection set, F=free, TAMS=top-at-mark-start, PB=parsable bottom
|   0|0x0000000085200000, 0x0000000085200000, 0x0000000085300000|  0%| F|  |TAMS 0x0000000085200000| PB 0x0000000085200000| Untracked 
|   1|0x0000000085300000, 0x0000000085300000, 0x0000000085400000|  0%| F|  |TAMS 0x0000000085300000| PB 0x0000000085300000| Untracked 
|   2|0x0000000085400000, 0x0000000085400000, 0x0000000085500000|  0%| F|  |TAMS 0x0000000085400000| PB 0x0000000085400000| Untracked 
|   3|0x0000000085500000, 0x0000000085500000, 0x0000000085600000|  0%| F|  |TAMS 0x0000000085500000| PB 0x0000000085500000| Untracked 
|   4|0x0000000085600000, 0x0000000085600000, 0x0000000085700000|  0%| F|  |TAMS 0x0000000085600000| PB 0x0000000085600000| Untracked 
|   5|0x0000000085700000, 0x0000000085700000, 0x0000000085800000|  0%| F|  |TAMS 0x0000000085700000| PB 0x0000000085700000| Untracked 
|   6|0x0000000085800000, 0x0000000085800000, 0x0000000085900000|  0%| F|  |TAMS 0x0000000085800000| PB 0x0000000085800000| Untracked 
|   7|0x0000000085900000, 0x0000000085900000, 0x0000000085a00000|  0%| F|  |TAMS 0x0000000085900000| PB 0x0000000085900000| Untracked 
|   8|0x0000000085a00000, 0x0000000085a00000, 0x0000000085b00000|  0%| F|  |TAMS 0x0000000085a00000| PB 0x0000000085a00000| Untracked 
|   9|0x0000000085b00000, 0x0000000085b00000, 0x0000000085c00000|  0%| F|  |TAMS 0x0000000085b00000| PB 0x0000000085b00000| Untracked 
|  10|0x0000000085c00000, 0x0000000085c00000, 0x0000000085d00000|  0%| F|  |TAMS 0x0000000085c00000| PB 0x0000000085c00000| Untracked 
|  11|0x0000000085d00000, 0x0000000085d00000, 0x0000000085e00000|  0%| F|  |TAMS 0x0000000085d00000| PB 0x0000000085d00000| Untracked 
|  12|0x0000000085e00000, 0x0000000085e00000, 0x0000000085f00000|  0%| F|  |TAMS 0x0000000085e00000| PB 0x0000000085e00000| Untracked 
|  13|0x0000000085f00000, 0x0000000085f00000, 0x0000000086000000|  0%| F|  |TAMS 0x0000000085f00000| PB 0x0000000085f00000| Untracked 
|  14|0x0000000086000000, 0x0000000086000000, 0x0000000086100000|  0%| F|  |TAMS 0x0000000086000000| PB 0x0000000086000000| Untracked 
|  15|0x0000000086100000, 0x0000000086100000, 0x0000000086200000|  0%| F|  |TAMS 0x0000000086100000| PB 0x0000000086100000| Untracked 
|  16|0x0000000086200000, 0x0000000086200000, 0x0000000086300000|  0%| F|  |TAMS 0x0000000086200000| PB 0x0000000086200000| Untracked 
|  17|0x0000000086300000, 0x0000000086300000, 0x0000000086400000|  0%| F|  |TAMS 0x0000000086300000| PB 0x0000000086300000| Untracked 
|  18|0x0000000086400000, 0x0000000086400000, 0x0000000086500000|  0%| F|  |TAMS 0x0000000086400000| PB 0x0000000086400000| Untracked 
|  19|0x0000000086500000, 0x0000000086500000, 0x0000000086600000|  0%| F|  |TAMS 0x0000000086500000| PB 0x0000000086500000| Untracked 
|  20|0x0000000086600000, 0x0000000086600000, 0x0000000086700000|  0%| F|  |TAMS 0x0000000086600000| PB 0x0000000086600000| Untracked 
|  21|0x0000000086700000, 0x0000000086700000, 0x0000000086800000|  0%| F|  |TAMS 0x0000000086700000| PB 0x0000000086700000| Untracked 
|  22|0x0000000086800000, 0x0000000086800000, 0x0000000086900000|  0%| F|  |TAMS 0x0000000086800000| PB 0x0000000086800000| Untracked 
|  23|0x0000000086900000, 0x0000000086900000, 0x0000000086a00000|  0%| F|  |TAMS 0x0000000086900000| PB 0x0000000086900000| Untracked 
|  24|0x0000000086a00000, 0x0000000086a00000, 0x0000000086b00000|  0%| F|  |TAMS 0x0000000086a00000| PB 0x0000000086a00000| Untracked 
|  25|0x0000000086b00000, 0x0000000086b00000, 0x0000000086c00000|  0%| F|  |TAMS 0x0000000086b00000| PB 0x0000000086b00000| Untracked 
|  26|0x0000000086c00000, 0x0000000086c00000, 0x0000000086d00000|  0%| F|  |TAMS 0x0000000086c00000| PB 0x0000000086c00000| Untracked 
|  27|0x0000000086d00000, 0x0000000086d00000, 0x0000000086e00000|  0%| F|  |TAMS 0x0000000086d00000| PB 0x0000000086d00000| Untracked 
|  28|0x0000000086e00000, 0x0000000086e00000, 0x0000000086f00000|  0%| F|  |TAMS 0x0000000086e00000| PB 0x0000000086e00000| Untracked 
|  29|0x0000000086f00000, 0x0000000086f00000, 0x0000000087000000|  0%| F|  |TAMS 0x0000000086f00000| PB 0x0000000086f00000| Untracked 
|  30|0x0000000087000000, 0x0000000087000000, 0x0000000087100000|  0%| F|  |TAMS 0x0000000087000000| PB 0x0000000087000000| Untracked 
|  31|0x0000000087100000, 0x0000000087100000, 0x0000000087200000|  0%| F|  |TAMS 0x0000000087100000| PB 0x0000000087100000| Untracked 
|  32|0x0000000087200000, 0x0000000087200000, 0x0000000087300000|  0%| F|  |TAMS 0x0000000087200000| PB 0x0000000087200000| Untracked 
|  33|0x0000000087300000, 0x0000000087300000, 0x0000000087400000|  0%| F|  |TAMS 0x0000000087300000| PB 0x0000000087300000| Untracked 
|  34|0x0000000087400000, 0x0000000087400000, 0x0000000087500000|  0%| F|  |TAMS 0x0000000087400000| PB 0x0000000087400000| Untracked 
|  35|0x0000000087500000, 0x0000000087500000, 0x0000000087600000|  0%| F|  |TAMS 0x0000000087500000| PB 0x0000000087500000| Untracked 
|  36|0x0000000087600000, 0x0000000087600000, 0x0000000087700000|  0%| F|  |TAMS 0x0000000087600000| PB 0x0000000087600000| Untracked 
|  37|0x0000000087700000, 0x0000000087700000, 0x0000000087800000|  0%| F|  |TAMS 0x0000000087700000| PB 0x0000000087700000| Untracked 
|  38|0x0000000087800000, 0x0000000087800000, 0x0000000087900000|  0%| F|  |TAMS 0x0000000087800000| PB 0x0000000087800000| Untracked 
|  39|0x0000000087900000, 0x0000000087900000, 0x0000000087a00000|  0%| F|  |TAMS 0x0000000087900000| PB 0x0000000087900000| Untracked 
|  40|0x0000000087a00000, 0x0000000087a00000, 0x0000000087b00000|  0%| F|  |TAMS 0x0000000087a00000| PB 0x0000000087a00000| Untracked 
|  41|0x0000000087b00000, 0x0000000087b00000, 0x0000000087c00000|  0%| F|  |TAMS 0x0000000087b00000| PB 0x0000000087b00000| Untracked 
|  42|0x0000000087c00000, 0x0000000087c00000, 0x0000000087d00000|  0%| F|  |TAMS 0x0000000087c00000| PB 0x0000000087c00000| Untracked 
|  43|0x0000000087d00000, 0x0000000087d00000, 0x0000000087e00000|  0%| F|  |TAMS 0x0000000087d00000| PB 0x0000000087d00000| Untracked 
|  44|0x0000000087e00000, 0x0000000087e00000, 0x0000000087f00000|  0%| F|  |TAMS 0x0000000087e00000| PB 0x0000000087e00000| Untracked 
|  45|0x0000000087f00000, 0x0000000087f00000, 0x0000000088000000|  0%| F|  |TAMS 0x0000000087f00000| PB 0x0000000087f00000| Untracked 
|  46|0x0000000088000000, 0x0000000088000000, 0x0000000088100000|  0%| F|  |TAMS 0x0000000088000000| PB 0x0000000088000000| Untracked 
|  47|0x0000000088100000, 0x0000000088100000, 0x0000000088200000|  0%| F|  |TAMS 0x0000000088100000| PB 0x0000000088100000| Untracked 
|  48|0x0000000088200000, 0x0000000088200000, 0x0000000088300000|  0%| F|  |TAMS 0x0000000088200000| PB 0x0000000088200000| Untracked 
|  49|0x0000000088300000, 0x0000000088300000, 0x0000000088400000|  0%| F|  |TAMS 0x0000000088300000| PB 0x0000000088300000| Untracked 
|  50|0x0000000088400000, 0x0000000088400000, 0x0000000088500000|  0%| F|  |TAMS 0x0000000088400000| PB 0x0000000088400000| Untracked 
|  51|0x0000000088500000, 0x0000000088500000, 0x0000000088600000|  0%| F|  |TAMS 0x0000000088500000| PB 0x0000000088500000| Untracked 
|  52|0x0000000088600000, 0x0000000088600000, 0x0000000088700000|  0%| F|  |TAMS 0x0000000088600000| PB 0x0000000088600000| Untracked 
|  53|0x0000000088700000, 0x0000000088700000, 0x0000000088800000|  0%| F|  |TAMS 0x0000000088700000| PB 0x0000000088700000| Untracked 
|  54|0x0000000088800000, 0x0000000088800000, 0x0000000088900000|  0%| F|  |TAMS 0x0000000088800000| PB 0x0000000088800000| Untracked 
|  55|0x0000000088900000, 0x0000000088900000, 0x0000000088a00000|  0%| F|  |TAMS 0x0000000088900000| PB 0x0000000088900000| Untracked 
|  56|0x0000000088a00000, 0x0000000088a00000, 0x0000000088b00000|  0%| F|  |TAMS 0x0000000088a00000| PB 0x0000000088a00000| Untracked 
|  57|0x0000000088b00000, 0x0000000088b00000, 0x0000000088c00000|  0%| F|  |TAMS 0x0000000088b00000| PB 0x0000000088b00000| Untracked 
|  58|0x0000000088c00000, 0x0000000088c00000, 0x0000000088d00000|  0%| F|  |TAMS 0x0000000088c00000| PB 0x0000000088c00000| Untracked 
|  59|0x0000000088d00000, 0x0000000088d00000, 0x0000000088e00000|  0%| F|  |TAMS 0x0000000088d00000| PB 0x0000000088d00000| Untracked 
|  60|0x0000000088e00000, 0x0000000088e00000, 0x0000000088f00000|  0%| F|  |TAMS 0x0000000088e00000| PB 0x0000000088e00000| Untracked 
|  61|0x0000000088f00000, 0x0000000088f00000, 0x0000000089000000|  0%| F|  |TAMS 0x0000000088f00000| PB 0x0000000088f00000| Untracked 
|  62|0x0000000089000000, 0x0000000089000000, 0x0000000089100000|  0%| F|  |TAMS 0x0000000089000000| PB 0x0000000089000000| Untracked 
|  63|0x0000000089100000, 0x0000000089100000, 0x0000000089200000|  0%| F|  |TAMS 0x0000000089100000| PB 0x0000000089100000| Untracked 
|  64|0x0000000089200000, 0x0000000089200000, 0x0000000089300000|  0%| F|  |TAMS 0x0000000089200000| PB 0x0000000089200000| Untracked 
|  65|0x0000000089300000, 0x0000000089300000, 0x0000000089400000|  0%| F|  |TAMS 0x0000000089300000| PB 0x0000000089300000| Untracked 
|  66|0x0000000089400000, 0x0000000089400000, 0x0000000089500000|  0%| F|  |TAMS 0x0000000089400000| PB 0x0000000089400000| Untracked 
|  67|0x0000000089500000, 0x0000000089500000, 0x0000000089600000|  0%| F|  |TAMS 0x0000000089500000| PB 0x0000000089500000| Untracked 
|  68|0x0000000089600000, 0x0000000089600000, 0x0000000089700000|  0%| F|  |TAMS 0x0000000089600000| PB 0x0000000089600000| Untracked 
|  69|0x0000000089700000, 0x0000000089700000, 0x0000000089800000|  0%| F|  |TAMS 0x0000000089700000| PB 0x0000000089700000| Untracked 
|  70|0x0000000089800000, 0x0000000089800000, 0x0000000089900000|  0%| F|  |TAMS 0x0000000089800000| PB 0x0000000089800000| Untracked 
|  71|0x0000000089900000, 0x0000000089900000, 0x0000000089a00000|  0%| F|  |TAMS 0x0000000089900000| PB 0x0000000089900000| Untracked 
|  72|0x0000000089a00000, 0x0000000089a00000, 0x0000000089b00000|  0%| F|  |TAMS 0x0000000089a00000| PB 0x0000000089a00000| Untracked 
|  73|0x0000000089b00000, 0x0000000089b00000, 0x0000000089c00000|  0%| F|  |TAMS 0x0000000089b00000| PB 0x0000000089b00000| Untracked 
|  74|0x0000000089c00000, 0x0000000089c00000, 0x0000000089d00000|  0%| F|  |TAMS 0x0000000089c00000| PB 0x0000000089c00000| Untracked 
|  75|0x0000000089d00000, 0x0000000089d00000, 0x0000000089e00000|  0%| F|  |TAMS 0x0000000089d00000| PB 0x0000000089d00000| Untracked 
|  76|0x0000000089e00000, 0x0000000089e00000, 0x0000000089f00000|  0%| F|  |TAMS 0x0000000089e00000| PB 0x0000000089e00000| Untracked 
|  77|0x0000000089f00000, 0x0000000089f00000, 0x000000008a000000|  0%| F|  |TAMS 0x0000000089f00000| PB 0x0000000089f00000| Untracked 
|  78|0x000000008a000000, 0x000000008a000000, 0x000000008a100000|  0%| F|  |TAMS 0x000000008a000000| PB 0x000000008a000000| Untracked 
|  79|0x000000008a100000, 0x000000008a100000, 0x000000008a200000|  0%| F|  |TAMS 0x000000008a100000| PB 0x000000008a100000| Untracked 
|  80|0x000000008a200000, 0x000000008a200000, 0x000000008a300000|  0%| F|  |TAMS 0x000000008a200000| PB 0x000000008a200000| Untracked 
|  81|0x000000008a300000, 0x000000008a300000, 0x000000008a400000|  0%| F|  |TAMS 0x000000008a300000| PB 0x000000008a300000| Untracked 
|  82|0x000000008a400000, 0x000000008a400000, 0x000000008a500000|  0%| F|  |TAMS 0x000000008a400000| PB 0x000000008a400000| Untracked 
|  83|0x000000008a500000, 0x000000008a500000, 0x000000008a600000|  0%| F|  |TAMS 0x000000008a500000| PB 0x000000008a500000| Untracked 
|  84|0x000000008a600000, 0x000000008a600000, 0x000000008a700000|  0%| F|  |TAMS 0x000000008a600000| PB 0x000000008a600000| Untracked 
|  85|0x000000008a700000, 0x000000008a700000, 0x000000008a800000|  0%| F|  |TAMS 0x000000008a700000| PB 0x000000008a700000| Untracked 
|  86|0x000000008a800000, 0x000000008a800000, 0x000000008a900000|  0%| F|  |TAMS 0x000000008a800000| PB 0x000000008a800000| Untracked 
|  87|0x000000008a900000, 0x000000008a900000, 0x000000008aa00000|  0%| F|  |TAMS 0x000000008a900000| PB 0x000000008a900000| Untracked 
|  88|0x000000008aa00000, 0x000000008aa00000, 0x000000008ab00000|  0%| F|  |TAMS 0x000000008aa00000| PB 0x000000008aa00000| Untracked 
|  89|0x000000008ab00000, 0x000000008ab00000, 0x000000008ac00000|  0%| F|  |TAMS 0x000000008ab00000| PB 0x000000008ab00000| Untracked 
|  90|0x000000008ac00000, 0x000000008ac00000, 0x000000008ad00000|  0%| F|  |TAMS 0x000000008ac00000| PB 0x000000008ac00000| Untracked 
|  91|0x000000008ad00000, 0x000000008ad00000, 0x000000008ae00000|  0%| F|  |TAMS 0x000000008ad00000| PB 0x000000008ad00000| Untracked 
|  92|0x000000008ae00000, 0x000000008ae00000, 0x000000008af00000|  0%| F|  |TAMS 0x000000008ae00000| PB 0x000000008ae00000| Untracked 
|  93|0x000000008af00000, 0x000000008af00000, 0x000000008b000000|  0%| F|  |TAMS 0x000000008af00000| PB 0x000000008af00000| Untracked 
|  94|0x000000008b000000, 0x000000008b000000, 0x000000008b100000|  0%| F|  |TAMS 0x000000008b000000| PB 0x000000008b000000| Untracked 
|  95|0x000000008b100000, 0x000000008b100000, 0x000000008b200000|  0%| F|  |TAMS 0x000000008b100000| PB 0x000000008b100000| Untracked 
|  96|0x000000008b200000, 0x000000008b200000, 0x000000008b300000|  0%| F|  |TAMS 0x000000008b200000| PB 0x000000008b200000| Untracked 
|  97|0x000000008b300000, 0x000000008b300000, 0x000000008b400000|  0%| F|  |TAMS 0x000000008b300000| PB 0x000000008b300000| Untracked 
|  98|0x000000008b400000, 0x000000008b400000, 0x000000008b500000|  0%| F|  |TAMS 0x000000008b400000| PB 0x000000008b400000| Untracked 
|  99|0x000000008b500000, 0x000000008b500000, 0x000000008b600000|  0%| F|  |TAMS 0x000000008b500000| PB 0x000000008b500000| Untracked 
| 100|0x000000008b600000, 0x000000008b600000, 0x000000008b700000|  0%| F|  |TAMS 0x000000008b600000| PB 0x000000008b600000| Untracked 
| 101|0x000000008b700000, 0x000000008b700000, 0x000000008b800000|  0%| F|  |TAMS 0x000000008b700000| PB 0x000000008b700000| Untracked 
| 102|0x000000008b800000, 0x000000008b900000, 0x000000008b900000|100%| E|  |TAMS 0x000000008b800000| PB 0x000000008b800000| Complete 
| 103|0x000000008b900000, 0x000000008ba00000, 0x000000008ba00000|100%| E|CS|TAMS 0x000000008b900000| PB 0x000000008b900000| Complete 
| 104|0x000000008ba00000, 0x000000008bb00000, 0x000000008bb00000|100%| E|CS|TAMS 0x000000008ba00000| PB 0x000000008ba00000| Complete 
| 105|0x000000008bb00000, 0x000000008bc00000, 0x000000008bc00000|100%| E|CS|TAMS 0x000000008bb00000| PB 0x000000008bb00000| Complete 
| 106|0x000000008bc00000, 0x000000008bd00000, 0x000000008bd00000|100%| E|CS|TAMS 0x000000008bc00000| PB 0x000000008bc00000| Complete 
| 107|0x000000008bd00000, 0x000000008be00000, 0x000000008be00000|100%| E|CS|TAMS 0x000000008bd00000| PB 0x000000008bd00000| Complete 
| 108|0x000000008be00000, 0x000000008bf00000, 0x000000008bf00000|100%| E|CS|TAMS 0x000000008be00000| PB 0x000000008be00000| Complete 
| 109|0x000000008bf00000, 0x000000008c000000, 0x000000008c000000|100%| E|CS|TAMS 0x000000008bf00000| PB 0x000000008bf00000| Complete 
| 110|0x000000008c000000, 0x000000008c100000, 0x000000008c100000|100%| E|CS|TAMS 0x000000008c000000| PB 0x000000008c000000| Complete 
| 111|0x000000008c100000, 0x000000008c200000, 0x000000008c200000|100%| E|CS|TAMS 0x000000008c100000| PB 0x000000008c100000| Complete 
| 112|0x000000008c200000, 0x000000008c300000, 0x000000008c300000|100%| E|CS|TAMS 0x000000008c200000| PB 0x000000008c200000| Complete 
| 113|0x000000008c300000, 0x000000008c400000, 0x000000008c400000|100%| E|CS|TAMS 0x000000008c300000| PB 0x000000008c300000| Complete 
| 114|0x000000008c400000, 0x000000008c500000, 0x000000008c500000|100%| E|CS|TAMS 0x000000008c400000| PB 0x000000008c400000| Complete 
| 115|0x000000008c500000, 0x000000008c600000, 0x000000008c600000|100%| E|CS|TAMS 0x000000008c500000| PB 0x000000008c500000| Complete 
| 116|0x000000008c600000, 0x000000008c700000, 0x000000008c700000|100%| E|CS|TAMS 0x000000008c600000| PB 0x000000008c600000| Complete 
| 117|0x000000008c700000, 0x000000008c800000, 0x000000008c800000|100%| E|CS|TAMS 0x000000008c700000| PB 0x000000008c700000| Complete 
| 118|0x000000008c800000, 0x000000008c900000, 0x000000008c900000|100%| E|CS|TAMS 0x000000008c800000| PB 0x000000008c800000| Complete 
| 119|0x000000008c900000, 0x000000008ca00000, 0x000000008ca00000|100%| E|CS|TAMS 0x000000008c900000| PB 0x000000008c900000| Complete 
| 120|0x000000008ca00000, 0x000000008cb00000, 0x000000008cb00000|100%| E|CS|TAMS 0x000000008ca00000| PB 0x000000008ca00000| Complete 
| 121|0x000000008cb00000, 0x000000008cc00000, 0x000000008cc00000|100%| E|CS|TAMS 0x000000008cb00000| PB 0x000000008cb00000| Complete 
| 122|0x000000008cc00000, 0x000000008cd00000, 0x000000008cd00000|100%| E|CS|TAMS 0x000000008cc00000| PB 0x000000008cc00000| Complete 
| 123|0x000000008cd00000, 0x000000008ce00000, 0x000000008ce00000|100%| E|CS|TAMS 0x000000008cd00000| PB 0x000000008cd00000| Complete 

Card table byte_map: [0x000001935ba10000,0x000001935bdf0000] _byte_map_base: 0x000001935b5e7000

Marking Bits: (CMBitMap*) 0x0000019343a1f7d0
 Bits: [0x000001935bdf0000, 0x000001935dca8000)

Polling page: 0x0000019341520000

Metaspace:

Usage:
  Non-class:      4.86 MB used.
      Class:    669.08 KB used.
       Both:      5.52 MB used.

Virtual space:
  Non-class space:       64.00 MB reserved,       5.00 MB (  8%) committed,  1 nodes.
      Class space:        1.00 GB reserved,     768.00 KB ( <1%) committed,  1 nodes.
             Both:        1.06 GB reserved,       5.75 MB ( <1%) committed. 

Chunk freelists:
   Non-Class:  9.17 MB
       Class:  15.27 MB
        Both:  24.44 MB

MaxMetaspaceSize: unlimited
CompressedClassSpaceSize: 1.00 GB
Initial GC threshold: 21.00 MB
Current GC threshold: 21.00 MB
CDS: on
 - commit_granule_bytes: 65536.
 - commit_granule_words: 8192.
 - virtual_space_node_default_size: 8388608.
 - enlarge_chunks_in_place: 1.
 - use_allocation_guard: 0.


Internal statistics:

num_allocs_failed_limit: 0.
num_arena_births: 64.
num_arena_deaths: 0.
num_vsnodes_births: 2.
num_vsnodes_deaths: 0.
num_space_committed: 92.
num_space_uncommitted: 0.
num_chunks_returned_to_freelist: 0.
num_chunks_taken_from_freelist: 229.
num_chunk_merges: 0.
num_chunk_splits: 145.
num_chunks_enlarged: 116.
num_inconsistent_stats: 0.

CodeHeap 'non-profiled nmethods': size=120000Kb used=360Kb max_used=360Kb free=119639Kb
 bounds [0x0000019353bb0000, 0x0000019353e20000, 0x000001935b0e0000]
CodeHeap 'profiled nmethods': size=120000Kb used=2228Kb max_used=2228Kb free=117771Kb
 bounds [0x000001934c0e0000, 0x000001934c350000, 0x0000019353610000]
CodeHeap 'non-nmethods': size=5760Kb used=1296Kb max_used=1314Kb free=4464Kb
 bounds [0x0000019353610000, 0x0000019353880000, 0x0000019353bb0000]
CodeCache: size=245760Kb, used=3884Kb, max_used=3902Kb, free=241874Kb
 total_blobs=1618, nmethods=1156, adapters=367, full_count=0
Compilation: enabled, stopped_count=0, restarted_count=0

Compilation events (20 events):
Event: 11.797 Thread 0x000001936530d230 1134       4       sun.nio.cs.StreamDecoder::lockedRead (189 bytes)
Event: 11.799 Thread 0x0000019360962ac0 nmethod 1120 0x000001934c2ede10 code [0x000001934c2ee6a0, 0x000001934c2f3660]
Event: 11.799 Thread 0x0000019360962ac0 1138       3       org.codehaus.plexus.util.xml.pull.MXParser::more (106 bytes)
Event: 11.799 Thread 0x0000019360962ac0 nmethod 1138 0x000001934c2f4d90 code [0x000001934c2f4fe0, 0x000001934c2f5758]
Event: 11.799 Thread 0x0000019360962ac0 1121       3       java.nio.CharBuffer::array (35 bytes)
Event: 11.800 Thread 0x0000019360962ac0 nmethod 1121 0x000001934c2f5a90 code [0x000001934c2f5c60, 0x000001934c2f5f30]
Event: 11.800 Thread 0x0000019360962ac0 1122       3       java.lang.System$2::decodeASCII (11 bytes)
Event: 11.800 Thread 0x0000019360962ac0 nmethod 1122 0x000001934c2f6090 code [0x000001934c2f6240, 0x000001934c2f6388]
Event: 11.800 Thread 0x0000019360962ac0 1123       3       java.lang.String::decodeASCII (46 bytes)
Event: 11.800 Thread 0x0000019360962ac0 nmethod 1123 0x000001934c2f6490 code [0x000001934c2f6660, 0x000001934c2f6908]
Event: 11.800 Thread 0x0000019360962ac0 1124       3       sun.nio.cs.UTF_8$Decoder::xflow (31 bytes)
Event: 11.800 Thread 0x0000019360962ac0 nmethod 1124 0x000001934c2f6a90 code [0x000001934c2f6c80, 0x000001934c2f71d8]
Event: 11.800 Thread 0x0000019360962ac0 1110   !   3       sun.nio.cs.StreamDecoder::read0 (59 bytes)
Event: 11.800 Thread 0x0000019360962ac0 nmethod 1110 0x000001934c2f7390 code [0x000001934c2f7620, 0x000001934c2f8408]
Event: 11.802 Thread 0x0000019360962ac0 1139       3       org.codehaus.plexus.util.xml.pull.MXParser::isS (30 bytes)
Event: 11.802 Thread 0x0000019360962ac0 nmethod 1139 0x000001934c2f8910 code [0x000001934c2f8ac0, 0x000001934c2f8c90]
Event: 11.802 Thread 0x0000019360962ac0 1140       3       org.codehaus.plexus.util.xml.pull.MXParser::isNameStartChar (56 bytes)
Event: 11.803 Thread 0x0000019360962ac0 nmethod 1140 0x000001934c2f8d10 code [0x000001934c2f8ec0, 0x000001934c2f9140]
Event: 11.803 Thread 0x0000019360962ac0 1142       3       org.codehaus.plexus.util.xml.pull.MXParser::parseEndTag (438 bytes)
Event: 13.820 Thread 0x0000019360962ac0 nmethod 1142 0x000001934c2f9210 code [0x000001934c2f97e0, 0x000001934c2fbd10]

GC Heap History (0 events):
No events

Dll operation events (8 events):
Event: 0.006 Loaded shared library C:\Program Files\Eclipse Adoptium\jdk-21.0.9.10-hotspot\bin\java.dll
Event: 0.029 Loaded shared library C:\Program Files\Eclipse Adoptium\jdk-21.0.9.10-hotspot\bin\jsvml.dll
Event: 0.044 Loaded shared library C:\Program Files\Eclipse Adoptium\jdk-21.0.9.10-hotspot\bin\net.dll
Event: 0.046 Loaded shared library C:\Program Files\Eclipse Adoptium\jdk-21.0.9.10-hotspot\bin\nio.dll
Event: 0.051 Loaded shared library C:\Program Files\Eclipse Adoptium\jdk-21.0.9.10-hotspot\bin\zip.dll
Event: 0.225 Loaded shared library C:\Program Files\Eclipse Adoptium\jdk-21.0.9.10-hotspot\bin\jimage.dll
Event: 0.229 Loaded shared library C:\Users\kunal\Downloads\apache-maven-3.9.11-bin\apache-maven-3.9.11\lib\jansi-native\Windows\x86_64\jansi.dll
Event: 0.250 Loaded shared library C:\Program Files\Eclipse Adoptium\jdk-21.0.9.10-hotspot\bin\verify.dll

Deoptimization events (20 events):
Event: 8.542 Thread 0x0000019341577310 DEOPT PACKING pc=0x000001934c0fffc3 sp=0x0000009220bf7a80
Event: 8.542 Thread 0x0000019341577310 DEOPT UNPACKING pc=0x0000019353664bc2 sp=0x0000009220bf6ef8 mode 0
Event: 8.708 Thread 0x0000019341577310 DEOPT PACKING pc=0x000001934c11515a sp=0x0000009220bf58a0
Event: 8.708 Thread 0x0000019341577310 DEOPT UNPACKING pc=0x0000019353664bc2 sp=0x0000009220bf4d30 mode 0
Event: 11.785 Thread 0x0000019341577310 Uncommon trap: trap_request=0xffffff6e fr.pc=0x0000019353be22f0 relative=0x0000000000000430
Event: 11.785 Thread 0x0000019341577310 Uncommon trap: reason=loop_limit_check action=maybe_recompile pc=0x0000019353be22f0 method=java.lang.StringLatin1.indexOf([BI[BII)I @ 37 c2
Event: 11.785 Thread 0x0000019341577310 DEOPT PACKING pc=0x0000019353be22f0 sp=0x0000009220bfddf0
Event: 11.785 Thread 0x0000019341577310 DEOPT UNPACKING pc=0x0000019353664422 sp=0x0000009220bfdd50 mode 2
Event: 11.787 Thread 0x0000019341577310 Uncommon trap: trap_request=0xffffffde fr.pc=0x0000019353bec9e8 relative=0x00000000000006a8
Event: 11.787 Thread 0x0000019341577310 Uncommon trap: reason=class_check action=maybe_recompile pc=0x0000019353bec9e8 method=java.util.regex.Matcher.search(I)Z @ 121 c2
Event: 11.787 Thread 0x0000019341577310 DEOPT PACKING pc=0x0000019353bec9e8 sp=0x0000009220bfe0c0
Event: 11.787 Thread 0x0000019341577310 DEOPT UNPACKING pc=0x0000019353664422 sp=0x0000009220bfe090 mode 2
Event: 11.787 Thread 0x0000019341577310 Uncommon trap: trap_request=0xffffff76 fr.pc=0x0000019353be8a0c relative=0x000000000000032c
Event: 11.787 Thread 0x0000019341577310 Uncommon trap: reason=predicate action=maybe_recompile pc=0x0000019353be8a0c method=java.util.regex.Pattern$BmpCharPropertyGreedy.match(Ljava/util/regex/Matcher;ILjava/lang/CharSequence;)Z @ 12 c2
Event: 11.788 Thread 0x0000019341577310 DEOPT PACKING pc=0x0000019353be8a0c sp=0x0000009220bfde90
Event: 11.788 Thread 0x0000019341577310 DEOPT UNPACKING pc=0x0000019353664422 sp=0x0000009220bfde48 mode 2
Event: 11.788 Thread 0x0000019341577310 Uncommon trap: trap_request=0xffffff45 fr.pc=0x0000019353bde360 relative=0x00000000000000c0
Event: 11.788 Thread 0x0000019341577310 Uncommon trap: reason=unstable_if action=reinterpret pc=0x0000019353bde360 method=org.codehaus.plexus.util.xml.pull.MXParser.more()C @ 8 c2
Event: 11.788 Thread 0x0000019341577310 DEOPT PACKING pc=0x0000019353bde360 sp=0x0000009220bfe280
Event: 11.788 Thread 0x0000019341577310 DEOPT UNPACKING pc=0x0000019353664422 sp=0x0000009220bfe210 mode 2

Classes loaded (20 events):
Event: 8.697 Loading class java/lang/reflect/UndeclaredThrowableException
Event: 8.697 Loading class java/lang/reflect/UndeclaredThrowableException done
Event: 8.699 Loading class java/lang/annotation/Target
Event: 8.699 Loading class java/lang/annotation/Target done
Event: 8.699 Loading class java/lang/annotation/ElementType
Event: 8.699 Loading class java/lang/annotation/ElementType done
Event: 8.699 Loading class java/lang/annotation/Documented
Event: 8.699 Loading class java/lang/annotation/Documented done
Event: 8.710 Loading class java/util/concurrent/TimeoutException
Event: 8.710 Loading class java/util/concurrent/TimeoutException done
Event: 8.710 Loading class java/util/concurrent/CancellationException
Event: 8.710 Loading class java/util/concurrent/CancellationException done
Event: 8.718 Loading class java/lang/reflect/ParameterizedType
Event: 8.718 Loading class java/lang/reflect/ParameterizedType done
Event: 8.721 Loading class java/lang/reflect/WildcardType
Event: 8.721 Loading class java/lang/reflect/WildcardType done
Event: 8.723 Loading class sun/reflect/generics/tree/TypeVariableSignature
Event: 8.723 Loading class sun/reflect/generics/tree/TypeVariableSignature done
Event: 11.781 Loading class java/lang/annotation/IncompleteAnnotationException
Event: 11.781 Loading class java/lang/annotation/IncompleteAnnotationException done

Classes unloaded (0 events):
No events

Classes redefined (0 events):
No events

Internal exceptions (20 events):
Event: 0.238 Thread 0x0000019341577310 Exception <a 'java/lang/NullPointerException'{0x000000008c89bdb0}> (0x000000008c89bdb0) 
thrown [s\src\hotspot\share\interpreter\linkResolver.cpp, line 1372]
Event: 0.238 Thread 0x0000019341577310 Exception <a 'java/lang/NullPointerException'{0x000000008c89c090}> (0x000000008c89c090) 
thrown [s\src\hotspot\share\interpreter\linkResolver.cpp, line 1372]
Event: 0.238 Thread 0x0000019341577310 Exception <a 'java/lang/NullPointerException'{0x000000008c89c370}> (0x000000008c89c370) 
thrown [s\src\hotspot\share\interpreter\linkResolver.cpp, line 1372]
Event: 0.239 Thread 0x0000019341577310 Exception <a 'java/lang/NullPointerException'{0x000000008c8a2af8}> (0x000000008c8a2af8) 
thrown [s\src\hotspot\share\interpreter\linkResolver.cpp, line 1372]
Event: 0.242 Thread 0x0000019341577310 Exception <a 'java/lang/NullPointerException'{0x000000008c8b69a8}> (0x000000008c8b69a8) 
thrown [s\src\hotspot\share\interpreter\linkResolver.cpp, line 1372]
Event: 0.242 Thread 0x0000019341577310 Exception <a 'java/lang/NullPointerException'{0x000000008c8b6c88}> (0x000000008c8b6c88) 
thrown [s\src\hotspot\share\interpreter\linkResolver.cpp, line 1372]
Event: 0.242 Thread 0x0000019341577310 Exception <a 'java/lang/NullPointerException'{0x000000008c8b6f68}> (0x000000008c8b6f68) 
thrown [s\src\hotspot\share\interpreter\linkResolver.cpp, line 1372]
Event: 0.242 Thread 0x0000019341577310 Exception <a 'java/lang/NullPointerException'{0x000000008c8b7248}> (0x000000008c8b7248) 
thrown [s\src\hotspot\share\interpreter\linkResolver.cpp, line 1372]
Event: 0.258 Thread 0x0000019341577310 Exception <a 'java/lang/NoSuchMethodError'{0x000000008c734560}: 'void java.lang.invoke.DirectMethodHandle$Holder.invokeStatic(java.lang.Object, java.lang.Object)'> (0x000000008c734560) 
thrown [s\src\hotspot\share\interpreter\linkResolver.cpp, line 773]
Event: 0.258 Thread 0x0000019341577310 Exception <a 'java/lang/NoSuchMethodError'{0x000000008c737970}: 'void java.lang.invoke.DirectMethodHandle$Holder.invokeStaticInit(java.lang.Object, java.lang.Object)'> (0x000000008c737970) 
thrown [s\src\hotspot\share\interpreter\linkResolver.cpp, line 773]
Event: 0.266 Thread 0x0000019341577310 Exception <a 'java/lang/NoSuchMethodError'{0x000000008c7726f8}: 'void java.lang.invoke.DirectMethodHandle$Holder.invokeStatic(java.lang.Object, java.lang.Object, java.lang.Object)'> (0x000000008c7726f8) 
thrown [s\src\hotspot\share\interpreter\linkResolver.cpp, line 773]
Event: 1.339 Thread 0x0000019341577310 Exception <a 'java/lang/NoSuchMethodError'{0x000000008c6f8678}: 'java.lang.Object java.lang.invoke.DirectMethodHandle$Holder.invokeSpecialIFC(java.lang.Object, java.lang.Object, java.lang.Object, java.lang.Object)'> (0x000000008c6f8678) 
thrown [s\src\hotspot\share\interpreter\linkResolver.cpp, line 773]
Event: 8.586 Thread 0x0000019341577310 Exception <a 'java/lang/NoSuchMethodError'{0x000000008c0e3a78}: 'void java.lang.invoke.DirectMethodHandle$Holder.invokeSpecial(java.lang.Object, java.lang.Object, java.lang.Object)'> (0x000000008c0e3a78) 
thrown [s\src\hotspot\share\interpreter\linkResolver.cpp, line 773]
Event: 8.627 Thread 0x0000019341577310 Exception <a 'java/lang/NoSuchMethodError'{0x000000008be46cf0}: 'java.lang.Object java.lang.invoke.DirectMethodHandle$Holder.invokeInterface(java.lang.Object, java.lang.Object)'> (0x000000008be46cf0) 
thrown [s\src\hotspot\share\interpreter\linkResolver.cpp, line 773]
Event: 8.646 Thread 0x0000019341577310 Exception <a 'java/lang/NoSuchMethodError'{0x000000008beeac90}: 'int java.lang.invoke.DirectMethodHandle$Holder.invokeStatic(java.lang.Object, java.lang.Object, java.lang.Object, java.lang.Object)'> (0x000000008beeac90) 
thrown [s\src\hotspot\share\interpreter\linkResolver.cpp, line 773]
Event: 8.646 Thread 0x0000019341577310 Exception <a 'java/lang/NoSuchMethodError'{0x000000008beee728}: 'java.lang.Object java.lang.invoke.Invokers$Holder.invokeExact_MT(java.lang.Object, java.lang.Object, java.lang.Object, java.lang.Object, java.lang.Object, java.lang.Object)'> (0x000000008beee728) 
thrown [s\src\hotspot\share\interpreter\linkResolver.cpp, line 773]
Event: 8.648 Thread 0x0000019341577310 Exception <a 'java/lang/NoSuchMethodError'{0x000000008befd0e8}: 'int java.lang.invoke.DirectMethodHandle$Holder.invokeSpecialIFC(java.lang.Object, java.lang.Object, java.lang.Object, java.lang.Object, java.lang.Object)'> (0x000000008befd0e8) 
thrown [s\src\hotspot\share\interpreter\linkResolver.cpp, line 773]
Event: 8.699 Thread 0x0000019341577310 Exception <a 'java/lang/NoSuchMethodError'{0x000000008bca2ec8}: 'java.lang.Object java.lang.invoke.DirectMethodHandle$Holder.newInvokeSpecial(java.lang.Object, java.lang.Object, java.lang.Object, java.lang.Object, java.lang.Object)'> (0x000000008bca2ec8) 
thrown [s\src\hotspot\share\interpreter\linkResolver.cpp, line 773]
Event: 8.729 Thread 0x0000019341577310 Exception <a 'java/lang/NoSuchMethodError'{0x000000008bbc4968}: 'int java.lang.invoke.DirectMethodHandle$Holder.invokeStaticInit(java.lang.Object, java.lang.Object)'> (0x000000008bbc4968) 
thrown [s\src\hotspot\share\interpreter\linkResolver.cpp, line 773]
Event: 11.782 Thread 0x0000019341577310 Exception <a 'java/lang/NoClassDefFoundError'{0x000000008bbfcc50}: javax/enterprise/inject/Typed> (0x000000008bbfcc50) 
thrown [s\src\hotspot\share\classfile\systemDictionary.cpp, line 301]

ZGC Phase Switch (0 events):
No events

VM Operations (15 events):
Event: 0.052 Executing VM operation: HandshakeAllThreads (Deoptimize)
Event: 0.052 Executing VM operation: HandshakeAllThreads (Deoptimize) done
Event: 0.218 Executing VM operation: HandshakeAllThreads (Deoptimize)
Event: 0.218 Executing VM operation: HandshakeAllThreads (Deoptimize) done
Event: 0.230 Executing VM operation: HandshakeAllThreads (Deoptimize)
Event: 0.230 Executing VM operation: HandshakeAllThreads (Deoptimize) done
Event: 1.244 Executing VM operation: Cleanup
Event: 1.306 Executing VM operation: Cleanup done
Event: 2.314 Executing VM operation: Cleanup
Event: 2.314 Executing VM operation: Cleanup done
Event: 9.386 Executing VM operation: Cleanup
Event: 9.386 Executing VM operation: Cleanup done
Event: 10.398 Executing VM operation: Cleanup
Event: 11.781 Executing VM operation: Cleanup done
Event: 12.793 Executing VM operation: Cleanup

Memory protections (0 events):
No events

Nmethod flushes (0 events):
No events

Events (16 events):
Event: 0.018 Thread 0x0000019341577310 Thread added: 0x0000019341577310
Event: 0.027 Thread 0x0000019341577310 Thread added: 0x000001936094fd80
Event: 0.027 Thread 0x0000019341577310 Thread added: 0x00000193609513f0
Event: 0.027 Thread 0x0000019341577310 Thread added: 0x0000019360953130
Event: 0.027 Thread 0x0000019341577310 Thread added: 0x00000193609538c0
Event: 0.027 Thread 0x0000019341577310 Thread added: 0x0000019360958bd0
Event: 0.027 Thread 0x0000019341577310 Thread added: 0x000001936095e190
Event: 0.027 Thread 0x0000019341577310 Thread added: 0x000001936095d790
Event: 0.027 Thread 0x0000019341577310 Thread added: 0x0000019360962ac0
Event: 0.038 Thread 0x0000019341577310 Thread added: 0x0000019360b375d0
Event: 0.040 Thread 0x0000019341577310 Thread added: 0x0000019360b368b0
Event: 0.222 Thread 0x0000019341577310 Thread added: 0x0000019360b35500
Event: 1.306 Thread 0x0000019360b35500 Thread exited: 0x0000019360b35500
Event: 8.491 Thread 0x0000019360962ac0 Thread added: 0x000001936531df50
Event: 8.695 Thread 0x000001936531df50 Thread exited: 0x000001936531df50
Event: 11.796 Thread 0x0000019360962ac0 Thread added: 0x000001936530d230


Dynamic libraries:
0x00007ff7b1d20000 - 0x00007ff7b1d2e000 	C:\Program Files\Eclipse Adoptium\jdk-21.0.9.10-hotspot\bin\java.exe
0x00007ffffa740000 - 0x00007ffffa9a7000 	C:\WINDOWS\SYSTEM32\ntdll.dll
0x00007ffff8db0000 - 0x00007ffff8e79000 	C:\WINDOWS\System32\KERNEL32.DLL
0x00007ffff7920000 - 0x00007ffff7d0f000 	C:\WINDOWS\System32\KERNELBASE.dll
0x00007ffff8030000 - 0x00007ffff817b000 	C:\WINDOWS\System32\ucrtbase.dll
0x00007fffceb60000 - 0x00007fffceb7e000 	C:\Program Files\Eclipse Adoptium\jdk-21.0.9.10-hotspot\bin\VCRUNTIME140.dll
0x00007fffce110000 - 0x00007fffce128000 	C:\Program Files\Eclipse Adoptium\jdk-21.0.9.10-hotspot\bin\jli.dll
0x00007ffffa3b0000 - 0x00007ffffa575000 	C:\WINDOWS\System32\USER32.dll
0x00007ffff8000000 - 0x00007ffff8027000 	C:\WINDOWS\System32\win32u.dll
0x00007fffd66d0000 - 0x00007fffd6963000 	C:\WINDOWS\WinSxS\amd64_microsoft.windows.common-controls_6595b64144ccf1df_6.0.26100.7309_none_3e05feeae336a044\COMCTL32.dll
0x00007ffff8570000 - 0x00007ffff859b000 	C:\WINDOWS\System32\GDI32.dll
0x00007ffff87d0000 - 0x00007ffff8879000 	C:\WINDOWS\System32\msvcrt.dll
0x00007ffff8230000 - 0x00007ffff835c000 	C:\WINDOWS\System32\gdi32full.dll
0x00007ffff7e90000 - 0x00007ffff7f33000 	C:\WINDOWS\System32\msvcp_win.dll
0x00007ffff97d0000 - 0x00007ffff9801000 	C:\WINDOWS\System32\IMM32.DLL
0x00007fffce0d0000 - 0x00007fffce0dc000 	C:\Program Files\Eclipse Adoptium\jdk-21.0.9.10-hotspot\bin\vcruntime140_1.dll
0x00007fffce010000 - 0x00007fffce09d000 	C:\Program Files\Eclipse Adoptium\jdk-21.0.9.10-hotspot\bin\msvcp140.dll
0x00007fffcd110000 - 0x00007fffcdeb0000 	C:\Program Files\Eclipse Adoptium\jdk-21.0.9.10-hotspot\bin\server\jvm.dll
0x00007ffff8710000 - 0x00007ffff87c4000 	C:\WINDOWS\System32\ADVAPI32.dll
0x00007ffff9720000 - 0x00007ffff97c6000 	C:\WINDOWS\System32\sechost.dll
0x00007ffff85a0000 - 0x00007ffff86b8000 	C:\WINDOWS\System32\RPCRT4.dll
0x00007ffff8af0000 - 0x00007ffff8b64000 	C:\WINDOWS\System32\WS2_32.dll
0x00007fffe4f40000 - 0x00007fffe4f4b000 	C:\WINDOWS\SYSTEM32\VERSION.dll
0x00007ffff76f0000 - 0x00007ffff774e000 	C:\WINDOWS\SYSTEM32\POWRPROF.dll
0x00007fffeedd0000 - 0x00007fffeee05000 	C:\WINDOWS\SYSTEM32\WINMM.dll
0x00007ffff76d0000 - 0x00007ffff76e4000 	C:\WINDOWS\SYSTEM32\UMPDC.dll
0x00007ffff65e0000 - 0x00007ffff65fb000 	C:\WINDOWS\SYSTEM32\kernel.appcore.dll
0x00007fffce0e0000 - 0x00007fffce0ea000 	C:\Program Files\Eclipse Adoptium\jdk-21.0.9.10-hotspot\bin\jimage.dll
0x00007ffff4e90000 - 0x00007ffff50d2000 	C:\WINDOWS\SYSTEM32\DBGHELP.DLL
0x00007ffff9380000 - 0x00007ffff9705000 	C:\WINDOWS\System32\combase.dll
0x00007ffff9810000 - 0x00007ffff98e6000 	C:\WINDOWS\System32\OLEAUT32.dll
0x00007fffd5490000 - 0x00007fffd54cc000 	C:\WINDOWS\SYSTEM32\dbgcore.DLL
0x00007ffff8180000 - 0x00007ffff8225000 	C:\WINDOWS\System32\bcryptPrimitives.dll
0x00007fffcdff0000 - 0x00007fffce010000 	C:\Program Files\Eclipse Adoptium\jdk-21.0.9.10-hotspot\bin\java.dll
0x00007ffff98f0000 - 0x00007ffffa043000 	C:\WINDOWS\System32\SHELL32.dll
0x00007ffff7d20000 - 0x00007ffff7e8a000 	C:\WINDOWS\System32\wintypes.dll
0x00007ffff5470000 - 0x00007ffff5cce000 	C:\WINDOWS\SYSTEM32\windows.storage.dll
0x00007ffff8bd0000 - 0x00007ffff8cc5000 	C:\WINDOWS\System32\SHCORE.dll
0x00007ffff9310000 - 0x00007ffff9376000 	C:\WINDOWS\System32\shlwapi.dll
0x00007ffff77b0000 - 0x00007ffff77d9000 	C:\WINDOWS\SYSTEM32\profapi.dll
0x00007fffcd030000 - 0x00007fffcd107000 	C:\Program Files\Eclipse Adoptium\jdk-21.0.9.10-hotspot\bin\jsvml.dll
0x00007fffce0f0000 - 0x00007fffce100000 	C:\Program Files\Eclipse Adoptium\jdk-21.0.9.10-hotspot\bin\net.dll
0x00007fffe71b0000 - 0x00007fffe72d8000 	C:\WINDOWS\SYSTEM32\WINHTTP.dll
0x00007ffff6bb0000 - 0x00007ffff6c1b000 	C:\WINDOWS\system32\mswsock.dll
0x00007fffcdfd0000 - 0x00007fffcdfe6000 	C:\Program Files\Eclipse Adoptium\jdk-21.0.9.10-hotspot\bin\nio.dll
0x00007fffcdfb0000 - 0x00007fffcdfc8000 	C:\Program Files\Eclipse Adoptium\jdk-21.0.9.10-hotspot\bin\zip.dll
0x00007fffc56c0000 - 0x00007fffc56e4000 	C:\Users\kunal\Downloads\apache-maven-3.9.11-bin\apache-maven-3.9.11\lib\jansi-native\Windows\x86_64\jansi.dll
0x00007fffd5af0000 - 0x00007fffd5b00000 	C:\Program Files\Eclipse Adoptium\jdk-21.0.9.10-hotspot\bin\verify.dll

JVMTI agents: none

dbghelp: loaded successfully - version: 4.0.5 - missing functions: none
symbol engine: initialized successfully - sym options: 0x614 - pdb path: .;C:\Program Files\Eclipse Adoptium\jdk-21.0.9.10-hotspot\bin;C:\WINDOWS\SYSTEM32;C:\WINDOWS\WinSxS\amd64_microsoft.windows.common-controls_6595b64144ccf1df_6.0.26100.7309_none_3e05feeae336a044;C:\Program Files\Eclipse Adoptium\jdk-21.0.9.10-hotspot\bin\server;C:\Users\kunal\Downloads\apache-maven-3.9.11-bin\apache-maven-3.9.11\lib\jansi-native\Windows\x86_64

VM Arguments:
jvm_args: --enable-native-access=ALL-UNNAMED -Dclassworlds.conf=C:\Users\kunal\Downloads\apache-maven-3.9.11-bin\apache-maven-3.9.11\bin\m2.conf -Dmaven.home=C:\Users\kunal\Downloads\apache-maven-3.9.11-bin\apache-maven-3.9.11 -Dlibrary.jansi.path=C:\Users\kunal\Downloads\apache-maven-3.9.11-bin\apache-maven-3.9.11\lib\jansi-native -Dmaven.multiModuleProjectDirectory=C:\Users\kunal\Documents\workspace-spring-tools-for-eclipse-4.32.2.RELEASE\capstone-policy-service 
java_command: org.codehaus.plexus.classworlds.launcher.Launcher clean test
java_class_path (initial): C:\Users\kunal\Downloads\apache-maven-3.9.11-bin\apache-maven-3.9.11\boot\plexus-classworlds-2.9.0.jar
Launcher Type: SUN_STANDARD

[Global flags]
     intx CICompilerCount                          = 4                                         {product} {ergonomic}
     uint ConcGCThreads                            = 3                                         {product} {ergonomic}
     uint G1ConcRefinementThreads                  = 10                                        {product} {ergonomic}
   size_t G1HeapRegionSize                         = 1048576                                   {product} {ergonomic}
    uintx GCDrainStackTargetSize                   = 64                                        {product} {ergonomic}
   size_t InitialHeapSize                          = 130023424                                 {product} {ergonomic}
   size_t MarkStackSize                            = 4194304                                   {product} {ergonomic}
   size_t MaxHeapSize                              = 2061500416                                {product} {ergonomic}
   size_t MaxNewSize                               = 1236271104                                {product} {ergonomic}
   size_t MinHeapDeltaBytes                        = 1048576                                   {product} {ergonomic}
   size_t MinHeapSize                              = 8388608                                   {product} {ergonomic}
    uintx NonNMethodCodeHeapSize                   = 5839372                                {pd product} {ergonomic}
    uintx NonProfiledCodeHeapSize                  = 122909434                              {pd product} {ergonomic}
    uintx ProfiledCodeHeapSize                     = 122909434                              {pd product} {ergonomic}
    uintx ReservedCodeCacheSize                    = 251658240                              {pd product} {ergonomic}
     bool SegmentedCodeCache                       = true                                      {product} {ergonomic}
   size_t SoftMaxHeapSize                          = 2061500416                             {manageable} {ergonomic}
     bool UseCompressedOops                        = true                           {product lp64_product} {ergonomic}
     bool UseG1GC                                  = true                                      {product} {ergonomic}
     bool UseLargePagesIndividualAllocation        = false                                  {pd product} {ergonomic}

Logging:
Log output configuration:
 #0: stdout all=warning uptime,level,tags foldmultilines=false
 #1: stderr all=off uptime,level,tags foldmultilines=false

Release file:
IMPLEMENTOR="Eclipse Adoptium" 
IMPLEMENTOR_VERSION="Temurin-21.0.9+10" 
JAVA_RUNTIME_VERSION="21.0.9+10-LTS" 
JAVA_VERSION="21.0.9" 
JAVA_VERSION_DATE="2025-10-21" 
LIBC="default" 
MODULES="java.base java.compiler java.datatransfer java.xml java.prefs java.desktop java.instrument java.logging java.management java.security.sasl java.naming java.rmi java.management.rmi java.net.http java.scripting java.security.jgss java.transaction.xa java.sql java.sql.rowset java.xml.crypto java.se java.smartcardio jdk.accessibility jdk.internal.jvmstat jdk.attach jdk.charsets jdk.internal.opt jdk.zipfs jdk.compiler jdk.crypto.ec jdk.crypto.cryptoki jdk.crypto.mscapi jdk.dynalink jdk.internal.ed jdk.editpad jdk.hotspot.agent jdk.httpserver jdk.incubator.vector jdk.internal.le jdk.internal.vm.ci jdk.internal.vm.compiler jdk.internal.vm.compiler.management jdk.jartool jdk.javadoc jdk.jcmd jdk.management jdk.management.agent jdk.jconsole jdk.jdeps jdk.jdwp.agent jdk.jdi jdk.jfr jdk.jlink jdk.jpackage jdk.jshell jdk.jsobject jdk.jstatd jdk.localedata jdk.management.jfr jdk.naming.dns jdk.naming.rmi jdk.net jdk.nio.mapmode jdk.random jdk.sctp jdk.security.auth jdk.security.jgss jdk.unsupported jdk.unsupported.desktop jdk.xml.dom" 
OS_ARCH="x86_64" 
OS_NAME="Windows" 
SOURCE=".:git:759062135b07" 
BUILD_SOURCE="git:839fa0b45d809157cffd3dc8515aad262a4a1776"
BUILD_SOURCE_REPO="https://github.com/adoptium/temurin-build.git"
SOURCE_REPO="https://github.com/adoptium/jdk21u.git"
FULL_VERSION="21.0.9+10-LTS"
SEMANTIC_VERSION="21.0.9+10"
BUILD_INFO="OS: Windows Server 2022 Version: 10.0"
JVM_VARIANT="Hotspot"
JVM_VERSION="21.0.9+10-LTS"
IMAGE_TYPE="JDK"

Environment Variables:
JAVA_HOME=C:\Program Files\Eclipse Adoptium\jdk-21.0.9.10-hotspot
PATH=C:\Program Files\Eclipse Adoptium\jdk-21.0.9.10-hotspot\bin;D:\oracle\dbhomeXE\bin;C:\app\kunal\product\21c\dbhomeXE\bin;C:\WINDOWS\system32;C:\WINDOWS;C:\WINDOWS\System32\Wbem;C:\WINDOWS\System32\WindowsPowerShell\v1.0\;C:\WINDOWS\System32\OpenSSH\;C:\Program Files\Cloudflare\Cloudflare WARP\;C:\Program Files\HP\HP One Agent;C:\Program Files\Git\cmd;C:\MinGW\bin;C:\src\flutter\bin;C:\Program Files\Go\bin;C:\Program Files\Java\jdk-11\bin;C:\WINDOWS\system32;C:\WINDOWS;C:\WINDOWS\System32\Wbem;C:\WINDOWS\System32\WindowsPowerShell\v1.0\;C:\WINDOWS\System32\OpenSSH\;C:\Users\kunal\AppData\Local\nvm;C:\nvm4w\nodejs;C:\Program Files (x86)\Microsoft SQL Server\160\Tools\Binn\;C:\Program Files\Microsoft SQL Server\160\Tools\Binn\;C:\Program Files\Microsoft SQL Server\Client SDK\ODBC\170\Tools\Binn\;C:\Program Files\Microsoft SQL Server\160\DTS\Binn\;C:\Users\kunal\Downloads\apache-maven-3.9.11-bin\apache-maven-3.9.11\bin;C:\Program Files\Eclipse Adoptium\jdk-21.0.9.10-hotspot\bin;C:\Users\kunal\Downloads\gradle-9.2.0-bin\gradle-9.2.0\bin;C:\Program Files\Docker\Docker\resources\bin;C:\Program Files\Eclipse Adoptium\jdk-21.0.9.10-hotspot\bin;C:\Program Files\MySQL\MySQL Shell 8.0\bin\;C:\Users\kunal\AppData\Local\Microsoft\WindowsApps;C:\Users\kunal\AppData\Local\Programs\Microsoft VS Code\bin;C:\Users\kunal\AppData\Roaming\npm;C:\Users\kunal\AppData\Local\GitHubDesktop\bin;C:\Program Files\Git\bin;C:\Users\kunal\go\bin;C:\Users\kunal\AppData\Local\nvm;C:\nvm4w\nodejs
USERNAME=kunal
OS=Windows_NT
PROCESSOR_IDENTIFIER=Intel64 Family 6 Model 154 Stepping 4, GenuineIntel
TMP=C:\Users\kunal\AppData\Local\Temp
TEMP=C:\Users\kunal\AppData\Local\Temp




Periodic native trim disabled

---------------  S Y S T E M  ---------------

OS:
 Windows 11 , 64 bit Build 26100 (10.0.26100.7309)
OS uptime: 2 days 15:06 hours
Hyper-V role detected

CPU: total 12 (initial active 12) (6 cores per cpu, 2 threads per core) family 6 model 154 stepping 4 microcode 0x42c, cx8, cmov, fxsr, ht, mmx, 3dnowpref, sse, sse2, sse3, ssse3, sse4.1, sse4.2, popcnt, lzcnt, tsc, tscinvbit, avx, avx2, aes, erms, clmul, bmi1, bmi2, adx, sha, fma, vzeroupper, clflush, clflushopt, clwb, hv, serialize, rdtscp, rdpid, fsrm, f16c, cet_ibt, cet_ss
Processor Information for processor 0
  Max Mhz: 1300, Current Mhz: 1300, Mhz Limit: 1300
Processor Information for processor 1
  Max Mhz: 1300, Current Mhz: 1300, Mhz Limit: 1300
Processor Information for processor 2
  Max Mhz: 1300, Current Mhz: 1300, Mhz Limit: 1300
Processor Information for processor 3
  Max Mhz: 1300, Current Mhz: 1300, Mhz Limit: 1300
Processor Information for processor 4
  Max Mhz: 1300, Current Mhz: 900, Mhz Limit: 897
Processor Information for processor 5
  Max Mhz: 1300, Current Mhz: 900, Mhz Limit: 897
Processor Information for processor 6
  Max Mhz: 1300, Current Mhz: 900, Mhz Limit: 897
Processor Information for processor 7
  Max Mhz: 1300, Current Mhz: 900, Mhz Limit: 897
Processor Information for processor 8
  Max Mhz: 1300, Current Mhz: 900, Mhz Limit: 897
Processor Information for processor 9
  Max Mhz: 1300, Current Mhz: 900, Mhz Limit: 897
Processor Information for processor 10
  Max Mhz: 1300, Current Mhz: 900, Mhz Limit: 897
Processor Information for processor 11
  Max Mhz: 1300, Current Mhz: 900, Mhz Limit: 897

Memory: 4k page, system-wide physical 7860M (808M free)
TotalPageFile size 32436M (AvailPageFile size 12M)
current process WorkingSet (physical memory assigned to process): 85M, peak: 85M
current process commit charge ("private bytes"): 232M, peak: 232M

vm_info: OpenJDK 64-Bit Server VM (21.0.9+10-LTS) for windows-amd64 JRE (21.0.9+10-LTS), built on 2025-10-21T00:00:00Z by "admin" with unknown MS VC++:1942

END.
